<?xml version="1.0" encoding="UTF-8"?>
<testsuite name="TestSuite" time="23.192" tests="2" errors="0" skipped="0" failures="0">
  <properties>
    <property name="java.runtime.name" value="Java(TM) SE Runtime Environment"/>
    <property name="java.vm.version" value="11.0.5+10-LTS"/>
    <property name="sun.boot.library.path" value="C:\Program Files\Java\jdk-11.0.5\bin"/>
    <property name="maven.multiModuleProjectDirectory" value="D:\SDET\SeleniumHybridFrameWork\inetBankingV1"/>
    <property name="java.vm.vendor" value="Oracle Corporation"/>
    <property name="java.vendor.url" value="http://java.oracle.com/"/>
    <property name="guice.disable.misplaced.annotation.check" value="true"/>
    <property name="path.separator" value=";"/>
    <property name="java.vm.name" value="Java HotSpot(TM) 64-Bit Server VM"/>
    <property name="sun.os.patch.level" value=""/>
    <property name="user.script" value=""/>
    <property name="user.country" value="IN"/>
    <property name="sun.java.launcher" value="SUN_STANDARD"/>
    <property name="java.vm.specification.name" value="Java Virtual Machine Specification"/>
    <property name="user.dir" value="D:\SDET\SeleniumHybridFrameWork\inetBankingV1"/>
    <property name="java.vm.compressedOopsMode" value="Zero based"/>
    <property name="java.runtime.version" value="11.0.5+10-LTS"/>
    <property name="java.awt.graphicsenv" value="sun.awt.Win32GraphicsEnvironment"/>
    <property name="os.arch" value="amd64"/>
    <property name="java.io.tmpdir" value="C:\Users\pmohanty\AppData\Local\Temp\"/>
    <property name="line.separator" value="&#10;"/>
    <property name="java.vm.specification.vendor" value="Oracle Corporation"/>
    <property name="user.variant" value=""/>
    <property name="os.name" value="Windows 10"/>
    <property name="classworlds.conf" value="D:\SDET\SeleniumHybridFrameWork\.metadata\.plugins\org.eclipse.m2e.launching\launches\m2conf12371091698551421960.tmp"/>
    <property name="sun.jnu.encoding" value="Cp1252"/>
    <property name="java.library.path" value="C:\Program Files\Java\jdk-11.0.5\bin;C:\WINDOWS\Sun\Java\bin;C:\WINDOWS\system32;C:\WINDOWS;C:/Program Files/Java/jdk-11.0.5/bin/server;C:/Program Files/Java/jdk-11.0.5/bin;C:\WINDOWS\system32;C:\WINDOWS;C:\WINDOWS\System32\Wbem;C:\WINDOWS\System32\WindowsPowerShell\v1.0\;C:\WINDOWS\System32\OpenSSH\;C:\Program Files\PuTTY\;C:\Users\pmohanty\Downloads\apache-ant-1.10.5-bin\apache-ant-1.10.5\bin;C:\Program Files\SourceGear\Common\DiffMerge\;C:\Program Files\TortoiseSVN\bin;C:\Program Files\nodejs\;C:\Program Files\Java\jdk-11.0.5\bin;C:\Program Files\Java\jdk-11.0.5\bin;D:\Software\ApacheMaven\apache-maven-3.6.3\bin;C:\Program Files\Git\cmd;C:\Users\pmohanty\AppData\Local\Microsoft\WindowsApps;;C:\Program Files\JetBrains\PyCharm Community Edition 2018.3.4\bin;;C:\Program Files\JetBrains\IntelliJ IDEA Community Edition 2018.3.5\bin;;C:\Users\pmohanty\AppData\Roaming\npm;C:\Users\pmohanty\Desktop;;."/>
    <property name="jdk.debug" value="release"/>
    <property name="java.class.version" value="55.0"/>
    <property name="java.specification.name" value="Java Platform API Specification"/>
    <property name="sun.management.compiler" value="HotSpot 64-Bit Tiered Compilers"/>
    <property name="os.version" value="10.0"/>
    <property name="user.home" value="C:\Users\pmohanty"/>
    <property name="user.timezone" value="Asia/Calcutta"/>
    <property name="java.awt.printerjob" value="sun.awt.windows.WPrinterJob"/>
    <property name="file.encoding" value="Cp1252"/>
    <property name="java.specification.version" value="11"/>
    <property name="user.name" value="pmohanty"/>
    <property name="java.class.path" value="C:\Users\pmohanty\.p2\pool\plugins\org.eclipse.m2e.maven.runtime_1.13.0.20190716-1623\jars\plexus-classworlds-2.6.0.jar"/>
    <property name="java.vm.specification.version" value="11"/>
    <property name="sun.arch.data.model" value="64"/>
    <property name="sun.java.command" value="org.codehaus.plexus.classworlds.launcher.Launcher -B clean install"/>
    <property name="java.home" value="C:\Program Files\Java\jdk-11.0.5"/>
    <property name="user.language" value="en"/>
    <property name="java.specification.vendor" value="Oracle Corporation"/>
    <property name="awt.toolkit" value="sun.awt.windows.WToolkit"/>
    <property name="java.vm.info" value="mixed mode"/>
    <property name="java.version" value="11.0.5"/>
    <property name="java.vendor" value="Oracle Corporation"/>
    <property name="maven.home" value="D:\SDET\SeleniumHybridFrameWork\inetBankingV1\EMBEDDED"/>
    <property name="file.separator" value="\"/>
    <property name="java.version.date" value="2019-10-15"/>
    <property name="java.vendor.url.bug" value="http://bugreport.java.com/bugreport/"/>
    <property name="sun.io.unicode.encoding" value="UnicodeLittle"/>
    <property name="sun.cpu.endian" value="little"/>
    <property name="java.vendor.version" value="18.9"/>
    <property name="sun.desktop" value="windows"/>
    <property name="sun.cpu.isalist" value="amd64"/>
  </properties>
  <testcase name="loginTest" classname="com.inetbanking.testCases.TC_LoginTest_001" time="2.474"/>
  <testcase name="addNewCustomer" classname="com.inetbanking.testCases.TC_AddCustomerTest_003" time="20.718"/>
</testsuite>