<?xml version="1.0" encoding="UTF-8"?>
<!-- Generated by org.testng.reporters.JUnitReportReporter -->
<testsuite hostname="LV-IND-LPT-240" failures="0" tests="1" name="com.inetbanking.testCases.TC_AddCustomerTest_003" time="19.929" errors="0" timestamp="28 May 2020 19:25:44 GMT" skipped="0">
  <testcase classname="com.inetbanking.testCases.TC_AddCustomerTest_003" name="addNewCustomer" time="19.929"/>
</testsuite> <!-- com.inetbanking.testCases.TC_AddCustomerTest_003 -->
