<?xml version="1.0" encoding="UTF-8"?>
<!-- Generated by org.testng.reporters.JUnitReportReporter -->
<testsuite hostname="LV-IND-LPT-240" failures="0" tests="1" name="com.inetbanking.testCases.TC_LoginTest_001" time="28.484" errors="0" timestamp="29 May 2020 06:12:22 GMT" skipped="0">
  <testcase classname="com.inetbanking.testCases.TC_LoginTest_001" name="loginTest" time="28.484"/>
</testsuite> <!-- com.inetbanking.testCases.TC_LoginTest_001 -->
