<?xml version="1.0" encoding="UTF-8"?>
<!-- Generated by org.testng.reporters.JUnitReportReporter -->
<testsuite hostname="LV-IND-LPT-240" failures="0" tests="1" name="com.inetbanking.testCases.TC_AddCustomerTest_003" time="20.014" errors="0" timestamp="02 Jun 2020 17:16:08 GMT" skipped="0">
  <testcase classname="com.inetbanking.testCases.TC_AddCustomerTest_003" name="addNewCustomer" time="20.014"/>
</testsuite> <!-- com.inetbanking.testCases.TC_AddCustomerTest_003 -->
