<?xml version="1.0" encoding="UTF-8"?>
<!-- Generated by org.testng.reporters.JUnitReportReporter -->
<testsuite hostname="LV-IND-LPT-240" failures="0" tests="1" name="com.inetbanking.testCases.TC_LoginTest_001" time="2.155" errors="0" timestamp="02 Jun 2020 17:16:08 GMT" skipped="0">
  <testcase classname="com.inetbanking.testCases.TC_LoginTest_001" name="loginTest" time="2.155"/>
</testsuite> <!-- com.inetbanking.testCases.TC_LoginTest_001 -->
